Detecting C compiler ABI info failed to compile with the following output:
Change Dir: /Users/shenyi/Project/UnityProject/xlua-lib/build_ios/CMakeFiles/CMakeTmp

Run Build Command:"/usr/bin/xcodebuild" "-project" "CMAKE_TRY_COMPILE.xcodeproj" "build" "-target" "cmTC_1ba9b" "-configuration" "Debug"
=== BUILD TARGET cmTC_1ba9b OF PROJECT CMAKE_TRY_COMPILE WITH CONFIGURATION Debug ===

Check dependencies
warning: iOS 11.4.0 does not support armv7
Code Signing Error: Signing for "cmTC_1ba9b" requires a development team. Select a development team in the project editor.
Code Signing Error: Code signing is required for product type 'Application' in SDK 'iOS 11.4'

** BUILD FAILED **


The following build commands failed:
	Check dependencies
(1 failure)



Detecting C [-std=c11] compiler features failed to compile with the following output:
Change Dir: /Users/shenyi/Project/UnityProject/xlua-lib/build_ios/CMakeFiles/CMakeTmp

Run Build Command:"/usr/bin/xcodebuild" "-project" "CMAKE_TRY_COMPILE.xcodeproj" "build" "-target" "cmTC_17b9f" "-configuration" "Debug"
=== BUILD TARGET cmTC_17b9f OF PROJECT CMAKE_TRY_COMPILE WITH CONFIGURATION Debug ===

Check dependencies
warning: iOS 11.4.0 does not support armv7
Code Signing Error: Signing for "cmTC_17b9f" requires a development team. Select a development team in the project editor.
Code Signing Error: Code signing is required for product type 'Application' in SDK 'iOS 11.4'

** BUILD FAILED **


The following build commands failed:
	Check dependencies
(1 failure)



Detecting CXX compiler ABI info failed to compile with the following output:
Change Dir: /Users/shenyi/Project/UnityProject/xlua-lib/build_ios/CMakeFiles/CMakeTmp

Run Build Command:"/usr/bin/xcodebuild" "-project" "CMAKE_TRY_COMPILE.xcodeproj" "build" "-target" "cmTC_20802" "-configuration" "Debug"
=== BUILD TARGET cmTC_20802 OF PROJECT CMAKE_TRY_COMPILE WITH CONFIGURATION Debug ===

Check dependencies
warning: iOS 11.4.0 does not support armv7
Code Signing Error: Signing for "cmTC_20802" requires a development team. Select a development team in the project editor.
Code Signing Error: Code signing is required for product type 'Application' in SDK 'iOS 11.4'

** BUILD FAILED **


The following build commands failed:
	Check dependencies
(1 failure)



Detecting CXX [-std=c++1z] compiler features failed to compile with the following output:
Change Dir: /Users/shenyi/Project/UnityProject/xlua-lib/build_ios/CMakeFiles/CMakeTmp

Run Build Command:"/usr/bin/xcodebuild" "-project" "CMAKE_TRY_COMPILE.xcodeproj" "build" "-target" "cmTC_26cf3" "-configuration" "Debug"
=== BUILD TARGET cmTC_26cf3 OF PROJECT CMAKE_TRY_COMPILE WITH CONFIGURATION Debug ===

Check dependencies
warning: iOS 11.4.0 does not support armv7
Code Signing Error: Signing for "cmTC_26cf3" requires a development team. Select a development team in the project editor.
Code Signing Error: Code signing is required for product type 'Application' in SDK 'iOS 11.4'

** BUILD FAILED **


The following build commands failed:
	Check dependencies
(1 failure)



